<?xml version="1.0" encoding="UTF-8"?>
<!-- Generated by org.testng.reporters.JUnitXMLReporter -->
<testsuite ignored="0" hostname="DESKTOP-H7ILJQ4" failures="2" tests="5" name="Default test" time="323.856" errors="0" timestamp="2026-09-03T14:30:18 IST">
  <testcase classname="io.cucumber.testng.AbstractTestNGCucumberTests" name="runScenario" time="110.278"/>
  <testcase classname="io.cucumber.testng.AbstractTestNGCucumberTests" name="runScenario" time="87.903"/>
  <testcase classname="io.cucumber.testng.AbstractTestNGCucumberTests" name="runScenario" time="45.06"/>
  <testcase classname="io.cucumber.testng.AbstractTestNGCucumberTests" name="runScenario" time="31.116">
    <failure type="org.openqa.selenium.ElementNotInteractableException" message="element not interactable
  (Session info: chrome=152.0.7977.65)
Build info: version: &amp;apos;4.41.0&amp;apos;, revision: &amp;apos;9fc754f&amp;apos;
System info: os.name: &amp;apos;Windows 11&amp;apos;, os.arch: &amp;apos;amd64&amp;apos;, os.version: &amp;apos;10.0&amp;apos;, java.version: &amp;apos;21.0.12.1&amp;apos;
Driver info: org.openqa.selenium.chrome.ChromeDriver
Command: [ebbbab452d94554e5be9030139cc1e91, clearElement {id=f.05175FCAFC852E4CE01D3CB9A799E5C9.d.EE3E16326D51F51B4A717703C89D2C18.e.7}]
Capabilities {acceptInsecureCerts: false, browserName: chrome, browserVersion: 152.0.7977.65, chrome: {chromedriverVersion: 152.0.7977.75 (4999cc1efed3..., userDataDir: C:\Users\Desktop3\AppData\L...}, fedcm:accounts: true, goog:chromeOptions: {debuggerAddress: localhost:61347}, goog:processID: 11668, networkConnectionEnabled: false, pageLoadStrategy: normal, platformName: windows, proxy: Proxy(), se:cdp: ws://localhost:61347/devtoo..., se:cdpVersion: 152.0.7977.65, setWindowRect: true, strictFileInteractability: false, timeouts: {implicit: 0, pageLoad: 300000, script: 30000}, unhandledPromptBehavior: dismiss and notify, webauthn:extension:credBlob: true, webauthn:extension:largeBlob: true, webauthn:extension:minPinLength: true, webauthn:extension:prf: true, webauthn:virtualAuthenticators: true}
Element: [[ChromeDriver: chrome on windows (ebbbab452d94554e5be9030139cc1e91)] -&amp;gt; name: q]
Session ID: ebbbab452d94554e5be9030139cc1e91">
      <![CDATA[org.openqa.selenium.ElementNotInteractableException: element not interactable
  (Session info: chrome=152.0.7977.65)
Build info: version: '4.41.0', revision: '9fc754f'
System info: os.name: 'Windows 11', os.arch: 'amd64', os.version: '10.0', java.version: '21.0.12.1'
Driver info: org.openqa.selenium.chrome.ChromeDriver
Command: [ebbbab452d94554e5be9030139cc1e91, clearElement {id=f.05175FCAFC852E4CE01D3CB9A799E5C9.d.EE3E16326D51F51B4A717703C89D2C18.e.7}]
Capabilities {acceptInsecureCerts: false, browserName: chrome, browserVersion: 152.0.7977.65, chrome: {chromedriverVersion: 152.0.7977.75 (4999cc1efed3..., userDataDir: C:\Users\Desktop3\AppData\L...}, fedcm:accounts: true, goog:chromeOptions: {debuggerAddress: localhost:61347}, goog:processID: 11668, networkConnectionEnabled: false, pageLoadStrategy: normal, platformName: windows, proxy: Proxy(), se:cdp: ws://localhost:61347/devtoo..., se:cdpVersion: 152.0.7977.65, setWindowRect: true, strictFileInteractability: false, timeouts: {implicit: 0, pageLoad: 300000, script: 30000}, unhandledPromptBehavior: dismiss and notify, webauthn:extension:credBlob: true, webauthn:extension:largeBlob: true, webauthn:extension:minPinLength: true, webauthn:extension:prf: true, webauthn:virtualAuthenticators: true}
Element: [[ChromeDriver: chrome on windows (ebbbab452d94554e5be9030139cc1e91)] -> name: q]
Session ID: ebbbab452d94554e5be9030139cc1e91
at org.openqa.selenium.remote.ErrorCodec.decode(ErrorCodec.java:169)
at org.openqa.selenium.remote.codec.w3c.W3CHttpResponseCodec.decode(W3CHttpResponseCodec.java:142)
at org.openqa.selenium.remote.codec.w3c.W3CHttpResponseCodec.decode(W3CHttpResponseCodec.java:49)
at org.openqa.selenium.remote.HttpCommandExecutor.execute(HttpCommandExecutor.java:223)
at org.openqa.selenium.remote.service.DriverCommandExecutor.invokeExecute(DriverCommandExecutor.java:216)
at org.openqa.selenium.remote.service.DriverCommandExecutor.execute(DriverCommandExecutor.java:174)
at org.openqa.selenium.remote.RemoteWebDriver.execute(RemoteWebDriver.java:604)
at org.openqa.selenium.remote.RemoteWebElement.execute(RemoteWebElement.java:223)
at org.openqa.selenium.remote.RemoteWebElement.clear(RemoteWebElement.java:129)
at com.automation.pages.FlipkartHomePage.searchProduct(FlipkartHomePage.java:23)
at com.automation.stepdefs.SearchSteps.user_searches_for(SearchSteps.java:22)
at ✽.user searches for "Laptop"(file:///C:/Users/Desktop3/eclipse-workspace/WebAutomationFramework/src/test/resources/features/search.feature:7)
]]>
    </failure>
  </testcase> <!-- runScenario -->
  <testcase classname="io.cucumber.testng.AbstractTestNGCucumberTests" name="runScenario" time="48.222">
    <failure type="java.lang.AssertionError" message="Results not found for @#$%^">
      <![CDATA[java.lang.AssertionError: Results not found for @#$%^
at com.automation.stepdefs.SearchSteps.search_results_should_be_displayed_for(SearchSteps.java:31)
at ✽.search results should be displayed for "@#$%^"(file:///C:/Users/Desktop3/eclipse-workspace/WebAutomationFramework/src/test/resources/features/search.feature:20)
]]>
    </failure>
  </testcase> <!-- runScenario -->
</testsuite> <!-- Default test -->
