<?xml version="1.0" encoding="UTF-8"?>
<testng-results ignored="0" total="5" passed="3" failed="2" skipped="0">
  <reporter-output>
  </reporter-output>
  <suite started-at="2026-09-03T14:24:54 IST" name="Default suite" finished-at="2026-09-03T14:30:18 IST" duration-ms="323856">
    <groups>
      <group name="cucumber">
        <method signature="AbstractTestNGCucumberTests.runScenario(io.cucumber.testng.PickleWrapper,io.cucumber.testng.FeatureWrapper)[pri:0, instance:com.automation.runner.TestRunner@6e509ffa]" name="runScenario" class="io.cucumber.testng.AbstractTestNGCucumberTests"/>
      </group> <!-- cucumber -->
    </groups>
    <test started-at="2026-09-03T14:24:54 IST" name="Default test" finished-at="2026-09-03T14:30:18 IST" duration-ms="323856">
      <class name="com.automation.runner.TestRunner">
        <test-method is-config="true" signature="setUpClass(org.testng.ITestContext)[pri:0, instance:com.automation.runner.TestRunner@6e509ffa]" started-at="2026-09-03T14:24:54 IST" name="setUpClass" finished-at="2026-09-03T14:24:55 IST" duration-ms="902" status="PASS">
          <params>
            <param index="0">
              <value>
                <![CDATA[org.testng.TestRunner@4c50cd7d]]>
              </value>
            </param>
          </params>
          <reporter-output>
          </reporter-output>
        </test-method> <!-- setUpClass -->
        <test-method signature="runScenario(io.cucumber.testng.PickleWrapper,io.cucumber.testng.FeatureWrapper)[pri:0, instance:com.automation.runner.TestRunner@6e509ffa]" started-at="2026-09-03T14:24:55 IST" name="runScenario" description="Runs Cucumber Scenarios" data-provider="scenarios" finished-at="2026-09-03T14:26:45 IST" duration-ms="110278" status="PASS">
          <params>
            <param index="0">
              <value>
                <![CDATA["Valid search for multiple products"]]>
              </value>
            </param>
            <param index="1">
              <value>
                <![CDATA["Product Search on Flipkart"]]>
              </value>
            </param>
          </params>
          <reporter-output>
          </reporter-output>
        </test-method> <!-- runScenario -->
        <test-method signature="runScenario(io.cucumber.testng.PickleWrapper,io.cucumber.testng.FeatureWrapper)[pri:0, instance:com.automation.runner.TestRunner@6e509ffa]" started-at="2026-09-03T14:26:45 IST" name="runScenario" description="Runs Cucumber Scenarios" data-provider="scenarios" finished-at="2026-09-03T14:28:13 IST" duration-ms="87903" status="PASS">
          <params>
            <param index="0">
              <value>
                <![CDATA["Valid search for multiple products"]]>
              </value>
            </param>
            <param index="1">
              <value>
                <![CDATA["Product Search on Flipkart"]]>
              </value>
            </param>
          </params>
          <reporter-output>
          </reporter-output>
        </test-method> <!-- runScenario -->
        <test-method signature="runScenario(io.cucumber.testng.PickleWrapper,io.cucumber.testng.FeatureWrapper)[pri:0, instance:com.automation.runner.TestRunner@6e509ffa]" started-at="2026-09-03T14:28:13 IST" name="runScenario" description="Runs Cucumber Scenarios" data-provider="scenarios" finished-at="2026-09-03T14:28:58 IST" duration-ms="45060" status="PASS">
          <params>
            <param index="0">
              <value>
                <![CDATA["Valid search for multiple products"]]>
              </value>
            </param>
            <param index="1">
              <value>
                <![CDATA["Product Search on Flipkart"]]>
              </value>
            </param>
          </params>
          <reporter-output>
          </reporter-output>
        </test-method> <!-- runScenario -->
        <test-method signature="runScenario(io.cucumber.testng.PickleWrapper,io.cucumber.testng.FeatureWrapper)[pri:0, instance:com.automation.runner.TestRunner@6e509ffa]" started-at="2026-09-03T14:28:58 IST" name="runScenario" description="Runs Cucumber Scenarios" data-provider="scenarios" finished-at="2026-09-03T14:29:29 IST" duration-ms="31116" status="FAIL">
          <params>
            <param index="0">
              <value>
                <![CDATA["Valid search for multiple products"]]>
              </value>
            </param>
            <param index="1">
              <value>
                <![CDATA["Product Search on Flipkart"]]>
              </value>
            </param>
          </params>
          <exception class="org.openqa.selenium.ElementNotInteractableException">
            <message>
              <![CDATA[element not interactable
  (Session info: chrome=152.0.7977.65)
Build info: version: '4.41.0', revision: '9fc754f'
System info: os.name: 'Windows 11', os.arch: 'amd64', os.version: '10.0', java.version: '21.0.12.1'
Driver info: org.openqa.selenium.chrome.ChromeDriver
Command: [ebbbab452d94554e5be9030139cc1e91, clearElement {id=f.05175FCAFC852E4CE01D3CB9A799E5C9.d.EE3E16326D51F51B4A717703C89D2C18.e.7}]
Capabilities {acceptInsecureCerts: false, browserName: chrome, browserVersion: 152.0.7977.65, chrome: {chromedriverVersion: 152.0.7977.75 (4999cc1efed3..., userDataDir: C:\Users\Desktop3\AppData\L...}, fedcm:accounts: true, goog:chromeOptions: {debuggerAddress: localhost:61347}, goog:processID: 11668, networkConnectionEnabled: false, pageLoadStrategy: normal, platformName: windows, proxy: Proxy(), se:cdp: ws://localhost:61347/devtoo..., se:cdpVersion: 152.0.7977.65, setWindowRect: true, strictFileInteractability: false, timeouts: {implicit: 0, pageLoad: 300000, script: 30000}, unhandledPromptBehavior: dismiss and notify, webauthn:extension:credBlob: true, webauthn:extension:largeBlob: true, webauthn:extension:minPinLength: true, webauthn:extension:prf: true, webauthn:virtualAuthenticators: true}
Element: [[ChromeDriver: chrome on windows (ebbbab452d94554e5be9030139cc1e91)] -> name: q]
Session ID: ebbbab452d94554e5be9030139cc1e91]]>
            </message>
            <full-stacktrace>
              <![CDATA[org.openqa.selenium.ElementNotInteractableException: element not interactable
  (Session info: chrome=152.0.7977.65)
Build info: version: '4.41.0', revision: '9fc754f'
System info: os.name: 'Windows 11', os.arch: 'amd64', os.version: '10.0', java.version: '21.0.12.1'
Driver info: org.openqa.selenium.chrome.ChromeDriver
Command: [ebbbab452d94554e5be9030139cc1e91, clearElement {id=f.05175FCAFC852E4CE01D3CB9A799E5C9.d.EE3E16326D51F51B4A717703C89D2C18.e.7}]
Capabilities {acceptInsecureCerts: false, browserName: chrome, browserVersion: 152.0.7977.65, chrome: {chromedriverVersion: 152.0.7977.75 (4999cc1efed3..., userDataDir: C:\Users\Desktop3\AppData\L...}, fedcm:accounts: true, goog:chromeOptions: {debuggerAddress: localhost:61347}, goog:processID: 11668, networkConnectionEnabled: false, pageLoadStrategy: normal, platformName: windows, proxy: Proxy(), se:cdp: ws://localhost:61347/devtoo..., se:cdpVersion: 152.0.7977.65, setWindowRect: true, strictFileInteractability: false, timeouts: {implicit: 0, pageLoad: 300000, script: 30000}, unhandledPromptBehavior: dismiss and notify, webauthn:extension:credBlob: true, webauthn:extension:largeBlob: true, webauthn:extension:minPinLength: true, webauthn:extension:prf: true, webauthn:virtualAuthenticators: true}
Element: [[ChromeDriver: chrome on windows (ebbbab452d94554e5be9030139cc1e91)] -> name: q]
Session ID: ebbbab452d94554e5be9030139cc1e91
at org.openqa.selenium.remote.ErrorCodec.decode(ErrorCodec.java:169)
at org.openqa.selenium.remote.codec.w3c.W3CHttpResponseCodec.decode(W3CHttpResponseCodec.java:142)
at org.openqa.selenium.remote.codec.w3c.W3CHttpResponseCodec.decode(W3CHttpResponseCodec.java:49)
at org.openqa.selenium.remote.HttpCommandExecutor.execute(HttpCommandExecutor.java:223)
at org.openqa.selenium.remote.service.DriverCommandExecutor.invokeExecute(DriverCommandExecutor.java:216)
at org.openqa.selenium.remote.service.DriverCommandExecutor.execute(DriverCommandExecutor.java:174)
at org.openqa.selenium.remote.RemoteWebDriver.execute(RemoteWebDriver.java:604)
at org.openqa.selenium.remote.RemoteWebElement.execute(RemoteWebElement.java:223)
at org.openqa.selenium.remote.RemoteWebElement.clear(RemoteWebElement.java:129)
at com.automation.pages.FlipkartHomePage.searchProduct(FlipkartHomePage.java:23)
at com.automation.stepdefs.SearchSteps.user_searches_for(SearchSteps.java:22)
at ✽.user searches for "Laptop"(file:///C:/Users/Desktop3/eclipse-workspace/WebAutomationFramework/src/test/resources/features/search.feature:7)
]]>
            </full-stacktrace>
          </exception> <!-- org.openqa.selenium.ElementNotInteractableException -->
          <reporter-output>
          </reporter-output>
        </test-method> <!-- runScenario -->
        <test-method signature="runScenario(io.cucumber.testng.PickleWrapper,io.cucumber.testng.FeatureWrapper)[pri:0, instance:com.automation.runner.TestRunner@6e509ffa]" started-at="2026-09-03T14:29:29 IST" name="runScenario" description="Runs Cucumber Scenarios" data-provider="scenarios" finished-at="2026-09-03T14:30:17 IST" duration-ms="48222" status="FAIL">
          <params>
            <param index="0">
              <value>
                <![CDATA["Search with special characters"]]>
              </value>
            </param>
            <param index="1">
              <value>
                <![CDATA["Product Search on Flipkart"]]>
              </value>
            </param>
          </params>
          <exception class="java.lang.AssertionError">
            <message>
              <![CDATA[Results not found for @#$%^]]>
            </message>
            <full-stacktrace>
              <![CDATA[java.lang.AssertionError: Results not found for @#$%^
at com.automation.stepdefs.SearchSteps.search_results_should_be_displayed_for(SearchSteps.java:31)
at ✽.search results should be displayed for "@#$%^"(file:///C:/Users/Desktop3/eclipse-workspace/WebAutomationFramework/src/test/resources/features/search.feature:20)
]]>
            </full-stacktrace>
          </exception> <!-- java.lang.AssertionError -->
          <reporter-output>
          </reporter-output>
        </test-method> <!-- runScenario -->
        <test-method is-config="true" signature="tearDownClass()[pri:0, instance:com.automation.runner.TestRunner@6e509ffa]" started-at="2026-09-03T14:30:17 IST" name="tearDownClass" finished-at="2026-09-03T14:30:18 IST" duration-ms="336" status="PASS">
          <reporter-output>
          </reporter-output>
        </test-method> <!-- tearDownClass -->
      </class> <!-- com.automation.runner.TestRunner -->
    </test> <!-- Default test -->
  </suite> <!-- Default suite -->
</testng-results>
