<?xml version="1.0" encoding="UTF-8"?>
<!-- Generated by org.testng.reporters.JUnitReportReporter -->
<testsuite hostname="DESKTOP-H7ILJQ4" failures="1" tests="5" name="com.automation.runner.TestRunner" time="322.579" errors="1" timestamp="2026-09-03T14:30:18 IST" skipped="0">
  <testcase classname="com.automation.runner.TestRunner" name="runScenario" time="31.116">
    <error message="element not interactable
  (Session info: chrome=152.0.7977.65)
Build info: version: &#039;4.41.0&#039;, revision: &#039;9fc754f&#039;
System info: os.name: &#039;Windows 11&#039;, os.arch: &#039;amd64&#039;, os.version: &#039;10.0&#039;, java.version: &#039;21.0.12.1&#039;
Driver info: org.openqa.selenium.chrome.ChromeDriver
Command: [ebbbab452d94554e5be9030139cc1e91, clearElement {id=f.05175FCAFC852E4CE01D3CB9A799E5C9.d.EE3E16326D51F51B4A717703C89D2C18.e.7}]
Capabilities {acceptInsecureCerts: false, browserName: chrome, browserVersion: 152.0.7977.65, chrome: {chromedriverVersion: 152.0.7977.75 (4999cc1efed3..., userDataDir: C:\Users\Desktop3\AppData\L...}, fedcm:accounts: true, goog:chromeOptions: {debuggerAddress: localhost:61347}, goog:processID: 11668, networkConnectionEnabled: false, pageLoadStrategy: normal, platformName: windows, proxy: Proxy(), se:cdp: ws://localhost:61347/devtoo..., se:cdpVersion: 152.0.7977.65, setWindowRect: true, strictFileInteractability: false, timeouts: {implicit: 0, pageLoad: 300000, script: 30000}, unhandledPromptBehavior: dismiss and notify, webauthn:extension:credBlob: true, webauthn:extension:largeBlob: true, webauthn:extension:minPinLength: true, webauthn:extension:prf: true, webauthn:virtualAuthenticators: true}
Element: [[ChromeDriver: chrome on windows (ebbbab452d94554e5be9030139cc1e91)] -&gt; name: q]
Session ID: ebbbab452d94554e5be9030139cc1e91" type="org.openqa.selenium.ElementNotInteractableException">
      <![CDATA[org.openqa.selenium.ElementNotInteractableException: element not interactable
  (Session info: chrome=152.0.7977.65)
Build info: version: '4.41.0', revision: '9fc754f'
System info: os.name: 'Windows 11', os.arch: 'amd64', os.version: '10.0', java.version: '21.0.12.1'
Driver info: org.openqa.selenium.chrome.ChromeDriver
Command: [ebbbab452d94554e5be9030139cc1e91, clearElement {id=f.05175FCAFC852E4CE01D3CB9A799E5C9.d.EE3E16326D51F51B4A717703C89D2C18.e.7}]
Capabilities {acceptInsecureCerts: false, browserName: chrome, browserVersion: 152.0.7977.65, chrome: {chromedriverVersion: 152.0.7977.75 (4999cc1efed3..., userDataDir: C:\Users\Desktop3\AppData\L...}, fedcm:accounts: true, goog:chromeOptions: {debuggerAddress: localhost:61347}, goog:processID: 11668, networkConnectionEnabled: false, pageLoadStrategy: normal, platformName: windows, proxy: Proxy(), se:cdp: ws://localhost:61347/devtoo..., se:cdpVersion: 152.0.7977.65, setWindowRect: true, strictFileInteractability: false, timeouts: {implicit: 0, pageLoad: 300000, script: 30000}, unhandledPromptBehavior: dismiss and notify, webauthn:extension:credBlob: true, webauthn:extension:largeBlob: true, webauthn:extension:minPinLength: true, webauthn:extension:prf: true, webauthn:virtualAuthenticators: true}
Element: [[ChromeDriver: chrome on windows (ebbbab452d94554e5be9030139cc1e91)] -> name: q]
Session ID: ebbbab452d94554e5be9030139cc1e91
at org.openqa.selenium.remote.ErrorCodec.decode(ErrorCodec.java:169)
at org.openqa.selenium.remote.codec.w3c.W3CHttpResponseCodec.decode(W3CHttpResponseCodec.java:142)
at org.openqa.selenium.remote.codec.w3c.W3CHttpResponseCodec.decode(W3CHttpResponseCodec.java:49)
at org.openqa.selenium.remote.HttpCommandExecutor.execute(HttpCommandExecutor.java:223)
at org.openqa.selenium.remote.service.DriverCommandExecutor.invokeExecute(DriverCommandExecutor.java:216)
at org.openqa.selenium.remote.service.DriverCommandExecutor.execute(DriverCommandExecutor.java:174)
at org.openqa.selenium.remote.RemoteWebDriver.execute(RemoteWebDriver.java:604)
at org.openqa.selenium.remote.RemoteWebElement.execute(RemoteWebElement.java:223)
at org.openqa.selenium.remote.RemoteWebElement.clear(RemoteWebElement.java:129)
at com.automation.pages.FlipkartHomePage.searchProduct(FlipkartHomePage.java:23)
at com.automation.stepdefs.SearchSteps.user_searches_for(SearchSteps.java:22)
at ✽.user searches for "Laptop"(file:///C:/Users/Desktop3/eclipse-workspace/WebAutomationFramework/src/test/resources/features/search.feature:7)
]]>
    </error>
  </testcase> <!-- runScenario -->
  <testcase classname="com.automation.runner.TestRunner" name="runScenario" time="45.060"/>
  <testcase classname="com.automation.runner.TestRunner" name="runScenario" time="110.278"/>
  <testcase classname="com.automation.runner.TestRunner" name="runScenario" time="48.222">
    <failure message="Results not found for @#$%^" type="java.lang.AssertionError">
      <![CDATA[java.lang.AssertionError: Results not found for @#$%^
at com.automation.stepdefs.SearchSteps.search_results_should_be_displayed_for(SearchSteps.java:31)
at ✽.search results should be displayed for "@#$%^"(file:///C:/Users/Desktop3/eclipse-workspace/WebAutomationFramework/src/test/resources/features/search.feature:20)
]]>
    </failure>
  </testcase> <!-- runScenario -->
  <testcase classname="com.automation.runner.TestRunner" name="runScenario" time="87.903"/>
</testsuite> <!-- com.automation.runner.TestRunner -->
